<?xml version="1.0" encoding="UTF-8"?>
<!-- Generated by org.testng.reporters.JUnitReportReporter -->
<testsuite hostname="LAPTOP-D04C1MQQ" failures="0" tests="12" name="com.tutorialsNinja.TestCases.LoginTest" time="108.397" errors="0" timestamp="2024-03-21T21:06:11 EDT" skipped="0">
  <testcase classname="com.tutorialsNinja.TestCases.LoginTest" name="loginWithValidCredentials" time="8.689"/>
  <testcase classname="com.tutorialsNinja.TestCases.LoginTest" name="loginWithValidCredentials" time="6.835"/>
  <testcase classname="com.tutorialsNinja.TestCases.LoginTest" name="loginWithValidCredentials" time="8.336"/>
  <testcase classname="com.tutorialsNinja.TestCases.LoginTest" name="loginWithValidCredentials" time="7.371"/>
  <testcase classname="com.tutorialsNinja.TestCases.LoginTest" name="loginWithValidCredentials" time="10.236"/>
  <testcase classname="com.tutorialsNinja.TestCases.LoginTest" name="loginWithValidCredentials" time="7.278"/>
  <testcase classname="com.tutorialsNinja.TestCases.LoginTest" name="loginWithValidCredentials" time="10.222"/>
  <testcase classname="com.tutorialsNinja.TestCases.LoginTest" name="loginWithValidCredentials" time="7.155"/>
  <testcase classname="com.tutorialsNinja.TestCases.LoginTest" name="loginWithValidEmailInvalidPassword" time="10.919"/>
  <testcase classname="com.tutorialsNinja.TestCases.LoginTest" name="loginWithInvalidEmailValidPassword" time="7.052"/>
  <testcase classname="com.tutorialsNinja.TestCases.LoginTest" name="loginWithInvalidCredentials" time="6.838"/>
  <testcase classname="com.tutorialsNinja.TestCases.LoginTest" name="loginWithNoCredentials" time="17.466"/>
</testsuite> <!-- com.tutorialsNinja.TestCases.LoginTest -->
